CRITICAL - 2023-06-20 04:15:51 --> Undefined variable $data_film
in APPPATH\Views\genre\index.php on line 47.
 1 APPPATH\Views\genre\index.php(47): CodeIgniter\Debug\Exceptions->errorHandler(2, 'Undefined variable $data_film', 'C:\\thumberly\\web-framework\\app\\Views\\genre\\index.php', 47)
 2 SYSTEMPATH\View\View.php(213): include('C:\\thumberly\\web-framework\\app\\Views\\genre\\index.php')
 3 SYSTEMPATH\View\View.php(216): CodeIgniter\View\View->CodeIgniter\View\{closure}()
 4 SYSTEMPATH\Common.php(1184): CodeIgniter\View\View->render('genre/index', [], true)
 5 APPPATH\Controllers\Genre.php(24): view('genre/index', [...])
 6 SYSTEMPATH\CodeIgniter.php(934): App\Controllers\Genre->index()
 7 SYSTEMPATH\CodeIgniter.php(499): CodeIgniter\CodeIgniter->runController(Object(App\Controllers\Genre))
 8 SYSTEMPATH\CodeIgniter.php(368): CodeIgniter\CodeIgniter->handleRequest(null, Object(Config\Cache), false)
 9 FCPATH\index.php(67): CodeIgniter\CodeIgniter->run()
10 SYSTEMPATH\Commands\Server\rewrite.php(47): require_once('C:\\thumberly\\web-framework\\public\\index.php')
CRITICAL - 2023-06-20 04:16:28 --> Undefined array key "genre"
in APPPATH\Views\genre\index.php on line 50.
 1 APPPATH\Views\genre\index.php(50): CodeIgniter\Debug\Exceptions->errorHandler(2, 'Undefined array key "genre"', 'C:\\thumberly\\web-framework\\app\\Views\\genre\\index.php', 50)
 2 SYSTEMPATH\View\View.php(213): include('C:\\thumberly\\web-framework\\app\\Views\\genre\\index.php')
 3 SYSTEMPATH\View\View.php(216): CodeIgniter\View\View->CodeIgniter\View\{closure}()
 4 SYSTEMPATH\Common.php(1184): CodeIgniter\View\View->render('genre/index', [], true)
 5 APPPATH\Controllers\Genre.php(24): view('genre/index', [...])
 6 SYSTEMPATH\CodeIgniter.php(934): App\Controllers\Genre->index()
 7 SYSTEMPATH\CodeIgniter.php(499): CodeIgniter\CodeIgniter->runController(Object(App\Controllers\Genre))
 8 SYSTEMPATH\CodeIgniter.php(368): CodeIgniter\CodeIgniter->handleRequest(null, Object(Config\Cache), false)
 9 FCPATH\index.php(67): CodeIgniter\CodeIgniter->run()
10 SYSTEMPATH\Commands\Server\rewrite.php(47): require_once('C:\\thumberly\\web-framework\\public\\index.php')
ERROR - 2023-06-20 11:48:19 --> Error connecting to the database: mysqli_sql_exception: No connection could be made because the target machine actively refused it in C:\thumberly\web-framework\system\Database\MySQLi\Connection.php:173
Stack trace:
#0 C:\thumberly\web-framework\system\Database\MySQLi\Connection.php(173): mysqli->real_connect('localhost', 'root', Object(SensitiveParameterValue), 'db_film', 3306, '', 0)
#1 C:\thumberly\web-framework\system\Database\BaseConnection.php(391): CodeIgniter\Database\MySQLi\Connection->connect(false)
#2 C:\thumberly\web-framework\system\Database\BaseConnection.php(574): CodeIgniter\Database\BaseConnection->initialize()
#3 C:\thumberly\web-framework\system\Database\BaseBuilder.php(1616): CodeIgniter\Database\BaseConnection->query('SELECT `film`.*...', Array, false)
#4 C:\thumberly\web-framework\app\Models\FilmModel.php(52): CodeIgniter\Database\BaseBuilder->get()
#5 C:\thumberly\web-framework\app\Controllers\Film.php(27): App\Models\FilmModel->getAllDataJoin()
#6 C:\thumberly\web-framework\system\CodeIgniter.php(934): App\Controllers\Film->all()
#7 C:\thumberly\web-framework\system\CodeIgniter.php(499): CodeIgniter\CodeIgniter->runController(Object(App\Controllers\Film))
#8 C:\thumberly\web-framework\system\CodeIgniter.php(368): CodeIgniter\CodeIgniter->handleRequest(NULL, Object(Config\Cache), false)
#9 C:\thumberly\web-framework\public\index.php(67): CodeIgniter\CodeIgniter->run()
#10 C:\thumberly\web-framework\system\Commands\Server\rewrite.php(47): require_once('C:\\thumberly\\we...')
#11 {main}

Next CodeIgniter\Database\Exceptions\DatabaseException: No connection could be made because the target machine actively refused it in C:\thumberly\web-framework\system\Database\MySQLi\Connection.php:218
Stack trace:
#0 C:\thumberly\web-framework\system\Database\BaseConnection.php(391): CodeIgniter\Database\MySQLi\Connection->connect(false)
#1 C:\thumberly\web-framework\system\Database\BaseConnection.php(574): CodeIgniter\Database\BaseConnection->initialize()
#2 C:\thumberly\web-framework\system\Database\BaseBuilder.php(1616): CodeIgniter\Database\BaseConnection->query('SELECT `film`.*...', Array, false)
#3 C:\thumberly\web-framework\app\Models\FilmModel.php(52): CodeIgniter\Database\BaseBuilder->get()
#4 C:\thumberly\web-framework\app\Controllers\Film.php(27): App\Models\FilmModel->getAllDataJoin()
#5 C:\thumberly\web-framework\system\CodeIgniter.php(934): App\Controllers\Film->all()
#6 C:\thumberly\web-framework\system\CodeIgniter.php(499): CodeIgniter\CodeIgniter->runController(Object(App\Controllers\Film))
#7 C:\thumberly\web-framework\system\CodeIgniter.php(368): CodeIgniter\CodeIgniter->handleRequest(NULL, Object(Config\Cache), false)
#8 C:\thumberly\web-framework\public\index.php(67): CodeIgniter\CodeIgniter->run()
#9 C:\thumberly\web-framework\system\Commands\Server\rewrite.php(47): require_once('C:\\thumberly\\we...')
#10 {main}
CRITICAL - 2023-06-20 11:48:19 --> Unable to connect to the database.
Main connection [MySQLi]: No connection could be made because the target machine actively refused it
in SYSTEMPATH\Database\BaseConnection.php on line 427.
 1 SYSTEMPATH\Database\BaseConnection.php(574): CodeIgniter\Database\BaseConnection->initialize()
 2 SYSTEMPATH\Database\BaseBuilder.php(1616): CodeIgniter\Database\BaseConnection->query('SELECT `film`.*, `genre`.`nama_genre`
FROM `film`
JOIN `genre` ON `genre`.`id` = `film`.`id_genre`', [], false)
 3 APPPATH\Models\FilmModel.php(52): CodeIgniter\Database\BaseBuilder->get()
 4 APPPATH\Controllers\Film.php(27): App\Models\FilmModel->getAllDataJoin()
 5 SYSTEMPATH\CodeIgniter.php(934): App\Controllers\Film->all()
 6 SYSTEMPATH\CodeIgniter.php(499): CodeIgniter\CodeIgniter->runController(Object(App\Controllers\Film))
 7 SYSTEMPATH\CodeIgniter.php(368): CodeIgniter\CodeIgniter->handleRequest(null, Object(Config\Cache), false)
 8 FCPATH\index.php(67): CodeIgniter\CodeIgniter->run()
 9 SYSTEMPATH\Commands\Server\rewrite.php(47): require_once('C:\\thumberly\\web-framework\\public\\index.php')
ERROR - 2023-06-20 11:49:13 --> Error connecting to the database: mysqli_sql_exception: No connection could be made because the target machine actively refused it in C:\thumberly\web-framework\system\Database\MySQLi\Connection.php:173
Stack trace:
#0 C:\thumberly\web-framework\system\Database\MySQLi\Connection.php(173): mysqli->real_connect('localhost', 'root', Object(SensitiveParameterValue), 'db_film', 3306, '', 0)
#1 C:\thumberly\web-framework\system\Database\BaseConnection.php(391): CodeIgniter\Database\MySQLi\Connection->connect(false)
#2 C:\thumberly\web-framework\system\Database\BaseConnection.php(574): CodeIgniter\Database\BaseConnection->initialize()
#3 C:\thumberly\web-framework\system\Database\BaseBuilder.php(1616): CodeIgniter\Database\BaseConnection->query('SELECT `film`.*...', Array, false)
#4 C:\thumberly\web-framework\app\Models\FilmModel.php(52): CodeIgniter\Database\BaseBuilder->get()
#5 C:\thumberly\web-framework\app\Controllers\Film.php(27): App\Models\FilmModel->getAllDataJoin()
#6 C:\thumberly\web-framework\system\CodeIgniter.php(934): App\Controllers\Film->all()
#7 C:\thumberly\web-framework\system\CodeIgniter.php(499): CodeIgniter\CodeIgniter->runController(Object(App\Controllers\Film))
#8 C:\thumberly\web-framework\system\CodeIgniter.php(368): CodeIgniter\CodeIgniter->handleRequest(NULL, Object(Config\Cache), false)
#9 C:\thumberly\web-framework\public\index.php(67): CodeIgniter\CodeIgniter->run()
#10 C:\thumberly\web-framework\system\Commands\Server\rewrite.php(47): require_once('C:\\thumberly\\we...')
#11 {main}

Next CodeIgniter\Database\Exceptions\DatabaseException: No connection could be made because the target machine actively refused it in C:\thumberly\web-framework\system\Database\MySQLi\Connection.php:218
Stack trace:
#0 C:\thumberly\web-framework\system\Database\BaseConnection.php(391): CodeIgniter\Database\MySQLi\Connection->connect(false)
#1 C:\thumberly\web-framework\system\Database\BaseConnection.php(574): CodeIgniter\Database\BaseConnection->initialize()
#2 C:\thumberly\web-framework\system\Database\BaseBuilder.php(1616): CodeIgniter\Database\BaseConnection->query('SELECT `film`.*...', Array, false)
#3 C:\thumberly\web-framework\app\Models\FilmModel.php(52): CodeIgniter\Database\BaseBuilder->get()
#4 C:\thumberly\web-framework\app\Controllers\Film.php(27): App\Models\FilmModel->getAllDataJoin()
#5 C:\thumberly\web-framework\system\CodeIgniter.php(934): App\Controllers\Film->all()
#6 C:\thumberly\web-framework\system\CodeIgniter.php(499): CodeIgniter\CodeIgniter->runController(Object(App\Controllers\Film))
#7 C:\thumberly\web-framework\system\CodeIgniter.php(368): CodeIgniter\CodeIgniter->handleRequest(NULL, Object(Config\Cache), false)
#8 C:\thumberly\web-framework\public\index.php(67): CodeIgniter\CodeIgniter->run()
#9 C:\thumberly\web-framework\system\Commands\Server\rewrite.php(47): require_once('C:\\thumberly\\we...')
#10 {main}
CRITICAL - 2023-06-20 11:49:13 --> Unable to connect to the database.
Main connection [MySQLi]: No connection could be made because the target machine actively refused it
in SYSTEMPATH\Database\BaseConnection.php on line 427.
 1 SYSTEMPATH\Database\BaseConnection.php(574): CodeIgniter\Database\BaseConnection->initialize()
 2 SYSTEMPATH\Database\BaseBuilder.php(1616): CodeIgniter\Database\BaseConnection->query('SELECT `film`.*, `genre`.`nama_genre`
FROM `film`
JOIN `genre` ON `genre`.`id` = `film`.`id_genre`', [], false)
 3 APPPATH\Models\FilmModel.php(52): CodeIgniter\Database\BaseBuilder->get()
 4 APPPATH\Controllers\Film.php(27): App\Models\FilmModel->getAllDataJoin()
 5 SYSTEMPATH\CodeIgniter.php(934): App\Controllers\Film->all()
 6 SYSTEMPATH\CodeIgniter.php(499): CodeIgniter\CodeIgniter->runController(Object(App\Controllers\Film))
 7 SYSTEMPATH\CodeIgniter.php(368): CodeIgniter\CodeIgniter->handleRequest(null, Object(Config\Cache), false)
 8 FCPATH\index.php(67): CodeIgniter\CodeIgniter->run()
 9 SYSTEMPATH\Commands\Server\rewrite.php(47): require_once('C:\\thumberly\\web-framework\\public\\index.php')
ERROR - 2023-06-20 11:49:50 --> Error connecting to the database: mysqli_sql_exception: No connection could be made because the target machine actively refused it in C:\thumberly\web-framework\system\Database\MySQLi\Connection.php:173
Stack trace:
#0 C:\thumberly\web-framework\system\Database\MySQLi\Connection.php(173): mysqli->real_connect('localhost', 'root', Object(SensitiveParameterValue), 'db_film', 3306, '', 0)
#1 C:\thumberly\web-framework\system\Database\BaseConnection.php(391): CodeIgniter\Database\MySQLi\Connection->connect(false)
#2 C:\thumberly\web-framework\system\Database\BaseConnection.php(574): CodeIgniter\Database\BaseConnection->initialize()
#3 C:\thumberly\web-framework\system\Database\BaseBuilder.php(1616): CodeIgniter\Database\BaseConnection->query('SELECT `film`.*...', Array, false)
#4 C:\thumberly\web-framework\app\Models\FilmModel.php(52): CodeIgniter\Database\BaseBuilder->get()
#5 C:\thumberly\web-framework\app\Controllers\Film.php(23): App\Models\FilmModel->getAllDataJoin()
#6 C:\thumberly\web-framework\system\CodeIgniter.php(934): App\Controllers\Film->index()
#7 C:\thumberly\web-framework\system\CodeIgniter.php(499): CodeIgniter\CodeIgniter->runController(Object(App\Controllers\Film))
#8 C:\thumberly\web-framework\system\CodeIgniter.php(368): CodeIgniter\CodeIgniter->handleRequest(NULL, Object(Config\Cache), false)
#9 C:\thumberly\web-framework\public\index.php(67): CodeIgniter\CodeIgniter->run()
#10 C:\thumberly\web-framework\system\Commands\Server\rewrite.php(47): require_once('C:\\thumberly\\we...')
#11 {main}

Next CodeIgniter\Database\Exceptions\DatabaseException: No connection could be made because the target machine actively refused it in C:\thumberly\web-framework\system\Database\MySQLi\Connection.php:218
Stack trace:
#0 C:\thumberly\web-framework\system\Database\BaseConnection.php(391): CodeIgniter\Database\MySQLi\Connection->connect(false)
#1 C:\thumberly\web-framework\system\Database\BaseConnection.php(574): CodeIgniter\Database\BaseConnection->initialize()
#2 C:\thumberly\web-framework\system\Database\BaseBuilder.php(1616): CodeIgniter\Database\BaseConnection->query('SELECT `film`.*...', Array, false)
#3 C:\thumberly\web-framework\app\Models\FilmModel.php(52): CodeIgniter\Database\BaseBuilder->get()
#4 C:\thumberly\web-framework\app\Controllers\Film.php(23): App\Models\FilmModel->getAllDataJoin()
#5 C:\thumberly\web-framework\system\CodeIgniter.php(934): App\Controllers\Film->index()
#6 C:\thumberly\web-framework\system\CodeIgniter.php(499): CodeIgniter\CodeIgniter->runController(Object(App\Controllers\Film))
#7 C:\thumberly\web-framework\system\CodeIgniter.php(368): CodeIgniter\CodeIgniter->handleRequest(NULL, Object(Config\Cache), false)
#8 C:\thumberly\web-framework\public\index.php(67): CodeIgniter\CodeIgniter->run()
#9 C:\thumberly\web-framework\system\Commands\Server\rewrite.php(47): require_once('C:\\thumberly\\we...')
#10 {main}
CRITICAL - 2023-06-20 11:49:50 --> Unable to connect to the database.
Main connection [MySQLi]: No connection could be made because the target machine actively refused it
in SYSTEMPATH\Database\BaseConnection.php on line 427.
 1 SYSTEMPATH\Database\BaseConnection.php(574): CodeIgniter\Database\BaseConnection->initialize()
 2 SYSTEMPATH\Database\BaseBuilder.php(1616): CodeIgniter\Database\BaseConnection->query('SELECT `film`.*, `genre`.`nama_genre`
FROM `film`
JOIN `genre` ON `genre`.`id` = `film`.`id_genre`', [], false)
 3 APPPATH\Models\FilmModel.php(52): CodeIgniter\Database\BaseBuilder->get()
 4 APPPATH\Controllers\Film.php(23): App\Models\FilmModel->getAllDataJoin()
 5 SYSTEMPATH\CodeIgniter.php(934): App\Controllers\Film->index()
 6 SYSTEMPATH\CodeIgniter.php(499): CodeIgniter\CodeIgniter->runController(Object(App\Controllers\Film))
 7 SYSTEMPATH\CodeIgniter.php(368): CodeIgniter\CodeIgniter->handleRequest(null, Object(Config\Cache), false)
 8 FCPATH\index.php(67): CodeIgniter\CodeIgniter->run()
 9 SYSTEMPATH\Commands\Server\rewrite.php(47): require_once('C:\\thumberly\\web-framework\\public\\index.php')
CRITICAL - 2023-06-20 12:40:47 --> View themes, no current section.
in SYSTEMPATH\View\View.php on line 394.
 1 APPPATH\Views\tentang\index.php(17): CodeIgniter\View\View->endSection()
 2 SYSTEMPATH\View\View.php(213): include('C:\\thumberly\\web-framework\\app\\Views\\tentang\\index.php')
 3 SYSTEMPATH\View\View.php(216): CodeIgniter\View\View->CodeIgniter\View\{closure}()
 4 SYSTEMPATH\Common.php(1184): CodeIgniter\View\View->render('tentang/index', [], true)
 5 APPPATH\Controllers\Tentang.php(11): view('tentang/index')
 6 SYSTEMPATH\CodeIgniter.php(934): App\Controllers\Tentang->index()
 7 SYSTEMPATH\CodeIgniter.php(499): CodeIgniter\CodeIgniter->runController(Object(App\Controllers\Tentang))
 8 SYSTEMPATH\CodeIgniter.php(368): CodeIgniter\CodeIgniter->handleRequest(null, Object(Config\Cache), false)
 9 FCPATH\index.php(67): CodeIgniter\CodeIgniter->run()
10 SYSTEMPATH\Commands\Server\rewrite.php(47): require_once('C:\\thumberly\\web-framework\\public\\index.php')
CRITICAL - 2023-06-20 12:41:01 --> View themes, no current section.
in SYSTEMPATH\View\View.php on line 394.
 1 APPPATH\Views\tentang\index.php(17): CodeIgniter\View\View->endSection()
 2 SYSTEMPATH\View\View.php(213): include('C:\\thumberly\\web-framework\\app\\Views\\tentang\\index.php')
 3 SYSTEMPATH\View\View.php(216): CodeIgniter\View\View->CodeIgniter\View\{closure}()
 4 SYSTEMPATH\Common.php(1184): CodeIgniter\View\View->render('tentang/index', [], true)
 5 APPPATH\Controllers\Tentang.php(11): view('tentang/index')
 6 SYSTEMPATH\CodeIgniter.php(934): App\Controllers\Tentang->index()
 7 SYSTEMPATH\CodeIgniter.php(499): CodeIgniter\CodeIgniter->runController(Object(App\Controllers\Tentang))
 8 SYSTEMPATH\CodeIgniter.php(368): CodeIgniter\CodeIgniter->handleRequest(null, Object(Config\Cache), false)
 9 FCPATH\index.php(67): CodeIgniter\CodeIgniter->run()
10 SYSTEMPATH\Commands\Server\rewrite.php(47): require_once('C:\\thumberly\\web-framework\\public\\index.php')
CRITICAL - 2023-06-20 12:45:06 --> View themes, no current section.
in SYSTEMPATH\View\View.php on line 394.
 1 APPPATH\Views\tentang\index.php(17): CodeIgniter\View\View->endSection()
 2 SYSTEMPATH\View\View.php(213): include('C:\\thumberly\\web-framework\\app\\Views\\tentang\\index.php')
 3 SYSTEMPATH\View\View.php(216): CodeIgniter\View\View->CodeIgniter\View\{closure}()
 4 SYSTEMPATH\Common.php(1184): CodeIgniter\View\View->render('tentang/index', [], true)
 5 APPPATH\Controllers\Tentang.php(11): view('tentang/index')
 6 SYSTEMPATH\CodeIgniter.php(934): App\Controllers\Tentang->index()
 7 SYSTEMPATH\CodeIgniter.php(499): CodeIgniter\CodeIgniter->runController(Object(App\Controllers\Tentang))
 8 SYSTEMPATH\CodeIgniter.php(368): CodeIgniter\CodeIgniter->handleRequest(null, Object(Config\Cache), false)
 9 FCPATH\index.php(67): CodeIgniter\CodeIgniter->run()
10 SYSTEMPATH\Commands\Server\rewrite.php(47): require_once('C:\\thumberly\\web-framework\\public\\index.php')
CRITICAL - 2023-06-20 13:50:28 --> View themes, no current section.
in SYSTEMPATH\View\View.php on line 394.
 1 APPPATH\Views\tentang\index.php(17): CodeIgniter\View\View->endSection()
 2 SYSTEMPATH\View\View.php(213): include('C:\\thumberly\\web-framework\\app\\Views\\tentang\\index.php')
 3 SYSTEMPATH\View\View.php(216): CodeIgniter\View\View->CodeIgniter\View\{closure}()
 4 SYSTEMPATH\Common.php(1184): CodeIgniter\View\View->render('tentang/index', [], true)
 5 APPPATH\Controllers\Tentang.php(11): view('tentang/index')
 6 SYSTEMPATH\CodeIgniter.php(934): App\Controllers\Tentang->index()
 7 SYSTEMPATH\CodeIgniter.php(499): CodeIgniter\CodeIgniter->runController(Object(App\Controllers\Tentang))
 8 SYSTEMPATH\CodeIgniter.php(368): CodeIgniter\CodeIgniter->handleRequest(null, Object(Config\Cache), false)
 9 FCPATH\index.php(67): CodeIgniter\CodeIgniter->run()
10 SYSTEMPATH\Commands\Server\rewrite.php(47): require_once('C:\\thumberly\\web-framework\\public\\index.php')
CRITICAL - 2023-06-20 13:59:07 --> View themes, no current section.
in SYSTEMPATH\View\View.php on line 394.
 1 APPPATH\Views\tentang\index.php(17): CodeIgniter\View\View->endSection()
 2 SYSTEMPATH\View\View.php(213): include('C:\\thumberly\\web-framework\\app\\Views\\tentang\\index.php')
 3 SYSTEMPATH\View\View.php(216): CodeIgniter\View\View->CodeIgniter\View\{closure}()
 4 SYSTEMPATH\Common.php(1184): CodeIgniter\View\View->render('tentang/index', [], true)
 5 APPPATH\Controllers\About.php(11): view('tentang/index')
 6 SYSTEMPATH\CodeIgniter.php(934): App\Controllers\About->index()
 7 SYSTEMPATH\CodeIgniter.php(499): CodeIgniter\CodeIgniter->runController(Object(App\Controllers\About))
 8 SYSTEMPATH\CodeIgniter.php(368): CodeIgniter\CodeIgniter->handleRequest(null, Object(Config\Cache), false)
 9 FCPATH\index.php(67): CodeIgniter\CodeIgniter->run()
10 SYSTEMPATH\Commands\Server\rewrite.php(47): require_once('C:\\thumberly\\web-framework\\public\\index.php')
