INFO - 2023-07-06 11:52:45 --> Session: Class initialized using 'CodeIgniter\Session\Handlers\FileHandler' driver.
INFO - 2023-07-06 11:52:47 --> Session: Class initialized using 'CodeIgniter\Session\Handlers\FileHandler' driver.
CRITICAL - 2023-07-06 11:52:55 --> openssl_decrypt(): IV passed is only 3 bytes long, cipher expects an IV of precisely 16 bytes, padding with \0
in APPPATH\Helpers\url_helper.php on line 19.
 1 [internal function]: CodeIgniter\Debug\Exceptions->errorHandler(2, 'openssl_decrypt(): IV passed is only 3 bytes long, cipher expects an IV of precisely 16 bytes, padding with \\0', 'C:\\thumberly\\web-framework\\app\\Helpers\\url_helper.php', 19)
 2 APPPATH\Helpers\url_helper.php(19): openssl_decrypt('', 'AES-256-CBC', Object(SensitiveParameterValue), 0, 'Üƒ0')
 3 APPPATH\Controllers\Film.php(94): decryptUrl('3IMwo')
 4 SYSTEMPATH\CodeIgniter.php(934): App\Controllers\Film->update('3IMwo', 'vm2vBN0zPJAiw5G05yKzdjWmFnVUhYREFWL2hYQXBYclE9PQ==')
 5 SYSTEMPATH\CodeIgniter.php(499): CodeIgniter\CodeIgniter->runController(Object(App\Controllers\Film))
 6 SYSTEMPATH\CodeIgniter.php(368): CodeIgniter\CodeIgniter->handleRequest(null, Object(Config\Cache), false)
 7 FCPATH\index.php(67): CodeIgniter\CodeIgniter->run()
 8 SYSTEMPATH\Commands\Server\rewrite.php(47): require_once('C:\\thumberly\\web-framework\\public\\index.php')
INFO - 2023-07-06 11:53:05 --> Session: Class initialized using 'CodeIgniter\Session\Handlers\FileHandler' driver.
CRITICAL - 2023-07-06 11:53:11 --> delete(): argument #1 ($id) should not be boolean.
in SYSTEMPATH\BaseModel.php on line 1045.
 1 APPPATH\Controllers\Film.php(167): CodeIgniter\BaseModel->delete(false)
 2 SYSTEMPATH\CodeIgniter.php(934): App\Controllers\Film->destroy('S', 'elAz', '88ZP51PlnljmYPElacGxOZ05OcTlLNFFnR2VGK3NOVlE9PQ==')
 3 SYSTEMPATH\CodeIgniter.php(499): CodeIgniter\CodeIgniter->runController(Object(App\Controllers\Film))
 4 SYSTEMPATH\CodeIgniter.php(368): CodeIgniter\CodeIgniter->handleRequest(null, Object(Config\Cache), false)
 5 FCPATH\index.php(67): CodeIgniter\CodeIgniter->run()
 6 SYSTEMPATH\Commands\Server\rewrite.php(47): require_once('C:\\thumberly\\web-framework\\public\\index.php')
INFO - 2023-07-06 11:53:19 --> Session: Class initialized using 'CodeIgniter\Session\Handlers\FileHandler' driver.
INFO - 2023-07-06 11:53:30 --> Session: Class initialized using 'CodeIgniter\Session\Handlers\FileHandler' driver.
INFO - 2023-07-06 11:53:47 --> Session: Class initialized using 'CodeIgniter\Session\Handlers\FileHandler' driver.
INFO - 2023-07-06 11:53:48 --> Session: Class initialized using 'CodeIgniter\Session\Handlers\FileHandler' driver.
INFO - 2023-07-06 11:55:21 --> Session: Class initialized using 'CodeIgniter\Session\Handlers\FileHandler' driver.
INFO - 2023-07-06 11:55:23 --> Session: Class initialized using 'CodeIgniter\Session\Handlers\FileHandler' driver.
INFO - 2023-07-06 11:55:26 --> Session: Class initialized using 'CodeIgniter\Session\Handlers\FileHandler' driver.
INFO - 2023-07-06 11:55:29 --> Session: Class initialized using 'CodeIgniter\Session\Handlers\FileHandler' driver.
INFO - 2023-07-06 11:55:43 --> Session: Class initialized using 'CodeIgniter\Session\Handlers\FileHandler' driver.
INFO - 2023-07-06 11:55:43 --> Session: Class initialized using 'CodeIgniter\Session\Handlers\FileHandler' driver.
INFO - 2023-07-06 11:55:57 --> Session: Class initialized using 'CodeIgniter\Session\Handlers\FileHandler' driver.
INFO - 2023-07-06 11:55:58 --> Session: Class initialized using 'CodeIgniter\Session\Handlers\FileHandler' driver.
INFO - 2023-07-06 11:56:12 --> Session: Class initialized using 'CodeIgniter\Session\Handlers\FileHandler' driver.
INFO - 2023-07-06 11:56:14 --> Session: Class initialized using 'CodeIgniter\Session\Handlers\FileHandler' driver.
INFO - 2023-07-06 11:56:15 --> Session: Class initialized using 'CodeIgniter\Session\Handlers\FileHandler' driver.
INFO - 2023-07-06 11:56:17 --> Session: Class initialized using 'CodeIgniter\Session\Handlers\FileHandler' driver.
INFO - 2023-07-06 11:56:19 --> Session: Class initialized using 'CodeIgniter\Session\Handlers\FileHandler' driver.
INFO - 2023-07-06 11:56:20 --> Session: Class initialized using 'CodeIgniter\Session\Handlers\FileHandler' driver.
CRITICAL - 2023-07-06 11:56:22 --> Invalid file: "film/genre.php"
in SYSTEMPATH\Exceptions\FrameworkException.php on line 33.
 1 SYSTEMPATH\View\View.php(201): CodeIgniter\Exceptions\FrameworkException::forInvalidFile('film/genre.php')
 2 SYSTEMPATH\Common.php(1184): CodeIgniter\View\View->render('film/genre', [], true)
 3 APPPATH\Controllers\Genre.php(28): view('film/genre', [...])
 4 SYSTEMPATH\CodeIgniter.php(934): App\Controllers\Genre->all()
 5 SYSTEMPATH\CodeIgniter.php(499): CodeIgniter\CodeIgniter->runController(Object(App\Controllers\Genre))
 6 SYSTEMPATH\CodeIgniter.php(368): CodeIgniter\CodeIgniter->handleRequest(null, Object(Config\Cache), false)
 7 FCPATH\index.php(67): CodeIgniter\CodeIgniter->run()
 8 SYSTEMPATH\Commands\Server\rewrite.php(47): require_once('C:\\thumberly\\web-framework\\public\\index.php')
INFO - 2023-07-06 11:56:27 --> Session: Class initialized using 'CodeIgniter\Session\Handlers\FileHandler' driver.
CRITICAL - 2023-07-06 11:56:46 --> Invalid file: "film/genre.php"
in SYSTEMPATH\Exceptions\FrameworkException.php on line 33.
 1 SYSTEMPATH\View\View.php(201): CodeIgniter\Exceptions\FrameworkException::forInvalidFile('film/genre.php')
 2 SYSTEMPATH\Common.php(1184): CodeIgniter\View\View->render('film/genre', [], true)
 3 APPPATH\Controllers\Genre.php(28): view('film/genre', [...])
 4 SYSTEMPATH\CodeIgniter.php(934): App\Controllers\Genre->all()
 5 SYSTEMPATH\CodeIgniter.php(499): CodeIgniter\CodeIgniter->runController(Object(App\Controllers\Genre))
 6 SYSTEMPATH\CodeIgniter.php(368): CodeIgniter\CodeIgniter->handleRequest(null, Object(Config\Cache), false)
 7 FCPATH\index.php(67): CodeIgniter\CodeIgniter->run()
 8 SYSTEMPATH\Commands\Server\rewrite.php(47): require_once('C:\\thumberly\\web-framework\\public\\index.php')
CRITICAL - 2023-07-06 11:58:03 --> Invalid file: "film/genre.php"
in SYSTEMPATH\Exceptions\FrameworkException.php on line 33.
 1 SYSTEMPATH\View\View.php(201): CodeIgniter\Exceptions\FrameworkException::forInvalidFile('film/genre.php')
 2 SYSTEMPATH\Common.php(1184): CodeIgniter\View\View->render('film/genre', [], true)
 3 APPPATH\Controllers\Genre.php(28): view('film/genre', [...])
 4 SYSTEMPATH\CodeIgniter.php(934): App\Controllers\Genre->all()
 5 SYSTEMPATH\CodeIgniter.php(499): CodeIgniter\CodeIgniter->runController(Object(App\Controllers\Genre))
 6 SYSTEMPATH\CodeIgniter.php(368): CodeIgniter\CodeIgniter->handleRequest(null, Object(Config\Cache), false)
 7 FCPATH\index.php(67): CodeIgniter\CodeIgniter->run()
 8 SYSTEMPATH\Commands\Server\rewrite.php(47): require_once('C:\\thumberly\\web-framework\\public\\index.php')
INFO - 2023-07-06 11:58:06 --> Session: Class initialized using 'CodeIgniter\Session\Handlers\FileHandler' driver.
INFO - 2023-07-06 11:58:07 --> Session: Class initialized using 'CodeIgniter\Session\Handlers\FileHandler' driver.
INFO - 2023-07-06 11:59:15 --> Session: Class initialized using 'CodeIgniter\Session\Handlers\FileHandler' driver.
INFO - 2023-07-06 11:59:18 --> Session: Class initialized using 'CodeIgniter\Session\Handlers\FileHandler' driver.
CRITICAL - 2023-07-06 11:59:32 --> openssl_decrypt(): IV passed is only 2 bytes long, cipher expects an IV of precisely 16 bytes, padding with \0
in APPPATH\Helpers\url_helper.php on line 19.
 1 [internal function]: CodeIgniter\Debug\Exceptions->errorHandler(2, 'openssl_decrypt(): IV passed is only 2 bytes long, cipher expects an IV of precisely 16 bytes, padding with \\0', 'C:\\thumberly\\web-framework\\app\\Helpers\\url_helper.php', 19)
 2 APPPATH\Helpers\url_helper.php(19): openssl_decrypt('', 'AES-256-CBC', Object(SensitiveParameterValue), 0, '¶K')
 3 APPPATH\Controllers\Film.php(166): decryptUrl('tkt')
 4 SYSTEMPATH\CodeIgniter.php(934): App\Controllers\Film->destroy('tkt', 'HaE+phHhgvqbXD+gt2lJNnl1YmZwSU1Wb0JhOWdlTThFa2c9PQ==')
 5 SYSTEMPATH\CodeIgniter.php(499): CodeIgniter\CodeIgniter->runController(Object(App\Controllers\Film))
 6 SYSTEMPATH\CodeIgniter.php(368): CodeIgniter\CodeIgniter->handleRequest(null, Object(Config\Cache), false)
 7 FCPATH\index.php(67): CodeIgniter\CodeIgniter->run()
 8 SYSTEMPATH\Commands\Server\rewrite.php(47): require_once('C:\\thumberly\\web-framework\\public\\index.php')
INFO - 2023-07-06 11:59:41 --> Session: Class initialized using 'CodeIgniter\Session\Handlers\FileHandler' driver.
CRITICAL - 2023-07-06 11:59:43 --> openssl_decrypt(): IV passed is only 12 bytes long, cipher expects an IV of precisely 16 bytes, padding with \0
in APPPATH\Helpers\url_helper.php on line 19.
 1 [internal function]: CodeIgniter\Debug\Exceptions->errorHandler(2, 'openssl_decrypt(): IV passed is only 12 bytes long, cipher expects an IV of precisely 16 bytes, padding with \\0', 'C:\\thumberly\\web-framework\\app\\Helpers\\url_helper.php', 19)
 2 APPPATH\Helpers\url_helper.php(19): openssl_decrypt('', 'AES-256-CBC', Object(SensitiveParameterValue), 0, 'E¿ú*qRãq{')
 3 APPPATH\Controllers\Film.php(94): decryptUrl('Rb8I+ipxE1LjHXF7q')
 4 SYSTEMPATH\CodeIgniter.php(934): App\Controllers\Film->update('Rb8I+ipxE1LjHXF7q', 'cENTBMbm1jRjlzZ3lUdDYrNS9TcXU4YWc9PQ==')
 5 SYSTEMPATH\CodeIgniter.php(499): CodeIgniter\CodeIgniter->runController(Object(App\Controllers\Film))
 6 SYSTEMPATH\CodeIgniter.php(368): CodeIgniter\CodeIgniter->handleRequest(null, Object(Config\Cache), false)
 7 FCPATH\index.php(67): CodeIgniter\CodeIgniter->run()
 8 SYSTEMPATH\Commands\Server\rewrite.php(47): require_once('C:\\thumberly\\web-framework\\public\\index.php')
INFO - 2023-07-06 12:00:39 --> Session: Class initialized using 'CodeIgniter\Session\Handlers\FileHandler' driver.
CRITICAL - 2023-07-06 12:00:39 --> Undefined array key "id"
in APPPATH\Views\film\edit.php on line 21.
 1 APPPATH\Views\film\edit.php(21): CodeIgniter\Debug\Exceptions->errorHandler(2, 'Undefined array key "id"', 'C:\\thumberly\\web-framework\\app\\Views\\film\\edit.php', 21)
 2 SYSTEMPATH\View\View.php(213): include('C:\\thumberly\\web-framework\\app\\Views\\film\\edit.php')
 3 SYSTEMPATH\View\View.php(216): CodeIgniter\View\View->CodeIgniter\View\{closure}()
 4 SYSTEMPATH\Common.php(1184): CodeIgniter\View\View->render('film/edit', [], true)
 5 APPPATH\Controllers\Film.php(98): view('film/edit', [...])
 6 SYSTEMPATH\CodeIgniter.php(934): App\Controllers\Film->update('Rb8I+ipxE1LjHXF7q', 'cENTBMbm1jRjlzZ3lUdDYrNS9TcXU4YWc9PQ==')
 7 SYSTEMPATH\CodeIgniter.php(499): CodeIgniter\CodeIgniter->runController(Object(App\Controllers\Film))
 8 SYSTEMPATH\CodeIgniter.php(368): CodeIgniter\CodeIgniter->handleRequest(null, Object(Config\Cache), false)
 9 FCPATH\index.php(67): CodeIgniter\CodeIgniter->run()
10 SYSTEMPATH\Commands\Server\rewrite.php(47): require_once('C:\\thumberly\\web-framework\\public\\index.php')
INFO - 2023-07-06 12:00:44 --> Session: Class initialized using 'CodeIgniter\Session\Handlers\FileHandler' driver.
CRITICAL - 2023-07-06 12:00:50 --> Deletes are not allowed unless they contain a "where" or "like" clause.
in SYSTEMPATH\Database\BaseBuilder.php on line 2767.
 1 SYSTEMPATH\Model.php(456): CodeIgniter\Database\BaseBuilder->delete()
 2 SYSTEMPATH\BaseModel.php(1065): CodeIgniter\Model->doDelete(null, false)
 3 APPPATH\Controllers\Film.php(167): CodeIgniter\BaseModel->delete(null)
 4 SYSTEMPATH\CodeIgniter.php(934): App\Controllers\Film->destroy('1F7dIRLkdokfq5w2Re2JIXdUSnRuTUVWQXRZNk9CTHhVYnJudEE9PQ==')
 5 SYSTEMPATH\CodeIgniter.php(499): CodeIgniter\CodeIgniter->runController(Object(App\Controllers\Film))
 6 SYSTEMPATH\CodeIgniter.php(368): CodeIgniter\CodeIgniter->handleRequest(null, Object(Config\Cache), false)
 7 FCPATH\index.php(67): CodeIgniter\CodeIgniter->run()
 8 SYSTEMPATH\Commands\Server\rewrite.php(47): require_once('C:\\thumberly\\web-framework\\public\\index.php')
INFO - 2023-07-06 12:00:55 --> Session: Class initialized using 'CodeIgniter\Session\Handlers\FileHandler' driver.
INFO - 2023-07-06 12:00:57 --> Session: Class initialized using 'CodeIgniter\Session\Handlers\FileHandler' driver.
CRITICAL - 2023-07-06 12:00:57 --> Undefined array key "id"
in APPPATH\Views\film\edit.php on line 21.
 1 APPPATH\Views\film\edit.php(21): CodeIgniter\Debug\Exceptions->errorHandler(2, 'Undefined array key "id"', 'C:\\thumberly\\web-framework\\app\\Views\\film\\edit.php', 21)
 2 SYSTEMPATH\View\View.php(213): include('C:\\thumberly\\web-framework\\app\\Views\\film\\edit.php')
 3 SYSTEMPATH\View\View.php(216): CodeIgniter\View\View->CodeIgniter\View\{closure}()
 4 SYSTEMPATH\Common.php(1184): CodeIgniter\View\View->render('film/edit', [], true)
 5 APPPATH\Controllers\Film.php(98): view('film/edit', [...])
 6 SYSTEMPATH\CodeIgniter.php(934): App\Controllers\Film->update('h9bJMI', 'wwkegwhwHsuQYKnc0VHdYbEFURWlMV2kzNXVyaEhOOHc9PQ==')
 7 SYSTEMPATH\CodeIgniter.php(499): CodeIgniter\CodeIgniter->runController(Object(App\Controllers\Film))
 8 SYSTEMPATH\CodeIgniter.php(368): CodeIgniter\CodeIgniter->handleRequest(null, Object(Config\Cache), false)
 9 FCPATH\index.php(67): CodeIgniter\CodeIgniter->run()
10 SYSTEMPATH\Commands\Server\rewrite.php(47): require_once('C:\\thumberly\\web-framework\\public\\index.php')
INFO - 2023-07-06 12:06:02 --> Session: Class initialized using 'CodeIgniter\Session\Handlers\FileHandler' driver.
CRITICAL - 2023-07-06 12:06:02 --> Undefined array key "id"
in APPPATH\Views\film\edit.php on line 21.
 1 APPPATH\Views\film\edit.php(21): CodeIgniter\Debug\Exceptions->errorHandler(2, 'Undefined array key "id"', 'C:\\thumberly\\web-framework\\app\\Views\\film\\edit.php', 21)
 2 SYSTEMPATH\View\View.php(213): include('C:\\thumberly\\web-framework\\app\\Views\\film\\edit.php')
 3 SYSTEMPATH\View\View.php(216): CodeIgniter\View\View->CodeIgniter\View\{closure}()
 4 SYSTEMPATH\Common.php(1184): CodeIgniter\View\View->render('film/edit', [], true)
 5 APPPATH\Controllers\Film.php(98): view('film/edit', [...])
 6 SYSTEMPATH\CodeIgniter.php(934): App\Controllers\Film->update('h9bJMI', 'wwkegwhwHsuQYKnc0VHdYbEFURWlMV2kzNXVyaEhOOHc9PQ==')
 7 SYSTEMPATH\CodeIgniter.php(499): CodeIgniter\CodeIgniter->runController(Object(App\Controllers\Film))
 8 SYSTEMPATH\CodeIgniter.php(368): CodeIgniter\CodeIgniter->handleRequest(null, Object(Config\Cache), false)
 9 FCPATH\index.php(67): CodeIgniter\CodeIgniter->run()
10 SYSTEMPATH\Commands\Server\rewrite.php(47): require_once('C:\\thumberly\\web-framework\\public\\index.php')
INFO - 2023-07-06 12:06:33 --> Session: Class initialized using 'CodeIgniter\Session\Handlers\FileHandler' driver.
CRITICAL - 2023-07-06 12:06:33 --> Undefined array key "id"
in APPPATH\Views\film\edit.php on line 21.
 1 APPPATH\Views\film\edit.php(21): CodeIgniter\Debug\Exceptions->errorHandler(2, 'Undefined array key "id"', 'C:\\thumberly\\web-framework\\app\\Views\\film\\edit.php', 21)
 2 SYSTEMPATH\View\View.php(213): include('C:\\thumberly\\web-framework\\app\\Views\\film\\edit.php')
 3 SYSTEMPATH\View\View.php(216): CodeIgniter\View\View->CodeIgniter\View\{closure}()
 4 SYSTEMPATH\Common.php(1184): CodeIgniter\View\View->render('film/edit', [], true)
 5 APPPATH\Controllers\Film.php(98): view('film/edit', [...])
 6 SYSTEMPATH\CodeIgniter.php(934): App\Controllers\Film->update('h9bJMI', 'wwkegwhwHsuQYKnc0VHdYbEFURWlMV2kzNXVyaEhOOHc9PQ==')
 7 SYSTEMPATH\CodeIgniter.php(499): CodeIgniter\CodeIgniter->runController(Object(App\Controllers\Film))
 8 SYSTEMPATH\CodeIgniter.php(368): CodeIgniter\CodeIgniter->handleRequest(null, Object(Config\Cache), false)
 9 FCPATH\index.php(67): CodeIgniter\CodeIgniter->run()
10 SYSTEMPATH\Commands\Server\rewrite.php(47): require_once('C:\\thumberly\\web-framework\\public\\index.php')
CRITICAL - 2023-07-06 12:06:37 --> Undefined variable $id
in APPPATH\Controllers\Film.php on line 27.
 1 APPPATH\Controllers\Film.php(27): CodeIgniter\Debug\Exceptions->errorHandler(2, 'Undefined variable $id', 'C:\\thumberly\\web-framework\\app\\Controllers\\Film.php', 27)
 2 SYSTEMPATH\CodeIgniter.php(934): App\Controllers\Film->index()
 3 SYSTEMPATH\CodeIgniter.php(499): CodeIgniter\CodeIgniter->runController(Object(App\Controllers\Film))
 4 SYSTEMPATH\CodeIgniter.php(368): CodeIgniter\CodeIgniter->handleRequest(null, Object(Config\Cache), false)
 5 FCPATH\index.php(67): CodeIgniter\CodeIgniter->run()
 6 SYSTEMPATH\Commands\Server\rewrite.php(47): require_once('C:\\thumberly\\web-framework\\public\\index.php')
INFO - 2023-07-06 12:06:41 --> Session: Class initialized using 'CodeIgniter\Session\Handlers\FileHandler' driver.
CRITICAL - 2023-07-06 12:06:44 --> Undefined variable $id
in APPPATH\Controllers\Film.php on line 27.
 1 APPPATH\Controllers\Film.php(27): CodeIgniter\Debug\Exceptions->errorHandler(2, 'Undefined variable $id', 'C:\\thumberly\\web-framework\\app\\Controllers\\Film.php', 27)
 2 SYSTEMPATH\CodeIgniter.php(934): App\Controllers\Film->index()
 3 SYSTEMPATH\CodeIgniter.php(499): CodeIgniter\CodeIgniter->runController(Object(App\Controllers\Film))
 4 SYSTEMPATH\CodeIgniter.php(368): CodeIgniter\CodeIgniter->handleRequest(null, Object(Config\Cache), false)
 5 FCPATH\index.php(67): CodeIgniter\CodeIgniter->run()
 6 SYSTEMPATH\Commands\Server\rewrite.php(47): require_once('C:\\thumberly\\web-framework\\public\\index.php')
CRITICAL - 2023-07-06 12:06:58 --> Too few arguments to function App\Controllers\Film::index(), 0 passed in C:\thumberly\web-framework\system\CodeIgniter.php on line 934 and exactly 1 expected
in APPPATH\Controllers\Film.php on line 25.
 1 SYSTEMPATH\CodeIgniter.php(934): App\Controllers\Film->index()
 2 SYSTEMPATH\CodeIgniter.php(499): CodeIgniter\CodeIgniter->runController(Object(App\Controllers\Film))
 3 SYSTEMPATH\CodeIgniter.php(368): CodeIgniter\CodeIgniter->handleRequest(null, Object(Config\Cache), false)
 4 FCPATH\index.php(67): CodeIgniter\CodeIgniter->run()
 5 SYSTEMPATH\Commands\Server\rewrite.php(47): require_once('C:\\thumberly\\web-framework\\public\\index.php')
INFO - 2023-07-06 12:07:06 --> Session: Class initialized using 'CodeIgniter\Session\Handlers\FileHandler' driver.
INFO - 2023-07-06 12:07:13 --> Session: Class initialized using 'CodeIgniter\Session\Handlers\FileHandler' driver.
INFO - 2023-07-06 12:07:15 --> Session: Class initialized using 'CodeIgniter\Session\Handlers\FileHandler' driver.
INFO - 2023-07-06 12:07:17 --> Session: Class initialized using 'CodeIgniter\Session\Handlers\FileHandler' driver.
INFO - 2023-07-06 12:07:20 --> Session: Class initialized using 'CodeIgniter\Session\Handlers\FileHandler' driver.
INFO - 2023-07-06 12:07:22 --> Session: Class initialized using 'CodeIgniter\Session\Handlers\FileHandler' driver.
CRITICAL - 2023-07-06 12:07:22 --> Undefined array key "id"
in APPPATH\Views\film\edit.php on line 21.
 1 APPPATH\Views\film\edit.php(21): CodeIgniter\Debug\Exceptions->errorHandler(2, 'Undefined array key "id"', 'C:\\thumberly\\web-framework\\app\\Views\\film\\edit.php', 21)
 2 SYSTEMPATH\View\View.php(213): include('C:\\thumberly\\web-framework\\app\\Views\\film\\edit.php')
 3 SYSTEMPATH\View\View.php(216): CodeIgniter\View\View->CodeIgniter\View\{closure}()
 4 SYSTEMPATH\Common.php(1184): CodeIgniter\View\View->render('film/edit', [], true)
 5 APPPATH\Controllers\Film.php(98): view('film/edit', [...])
 6 SYSTEMPATH\CodeIgniter.php(934): App\Controllers\Film->update('ZfqfBAAxEGrAUvrYaFWXPkNGRzJkTlVnd1V5V1hzMEFLWndHT0E9PQ==')
 7 SYSTEMPATH\CodeIgniter.php(499): CodeIgniter\CodeIgniter->runController(Object(App\Controllers\Film))
 8 SYSTEMPATH\CodeIgniter.php(368): CodeIgniter\CodeIgniter->handleRequest(null, Object(Config\Cache), false)
 9 FCPATH\index.php(67): CodeIgniter\CodeIgniter->run()
10 SYSTEMPATH\Commands\Server\rewrite.php(47): require_once('C:\\thumberly\\web-framework\\public\\index.php')
INFO - 2023-07-06 12:09:11 --> Session: Class initialized using 'CodeIgniter\Session\Handlers\FileHandler' driver.
CRITICAL - 2023-07-06 12:09:11 --> Trying to access array offset on value of type null
in APPPATH\Views\film\edit.php on line 21.
 1 APPPATH\Views\film\edit.php(21): CodeIgniter\Debug\Exceptions->errorHandler(2, 'Trying to access array offset on value of type null', 'C:\\thumberly\\web-framework\\app\\Views\\film\\edit.php', 21)
 2 SYSTEMPATH\View\View.php(213): include('C:\\thumberly\\web-framework\\app\\Views\\film\\edit.php')
 3 SYSTEMPATH\View\View.php(216): CodeIgniter\View\View->CodeIgniter\View\{closure}()
 4 SYSTEMPATH\Common.php(1184): CodeIgniter\View\View->render('film/edit', [], true)
 5 APPPATH\Controllers\Film.php(98): view('film/edit', [...])
 6 SYSTEMPATH\CodeIgniter.php(934): App\Controllers\Film->update('ZfqfBAAxEGrAUvrYaFWXPkNGRzJkTlVnd1V5V1hzMEFLWndHT0E9PQ==')
 7 SYSTEMPATH\CodeIgniter.php(499): CodeIgniter\CodeIgniter->runController(Object(App\Controllers\Film))
 8 SYSTEMPATH\CodeIgniter.php(368): CodeIgniter\CodeIgniter->handleRequest(null, Object(Config\Cache), false)
 9 FCPATH\index.php(67): CodeIgniter\CodeIgniter->run()
10 SYSTEMPATH\Commands\Server\rewrite.php(47): require_once('C:\\thumberly\\web-framework\\public\\index.php')
INFO - 2023-07-06 12:09:23 --> Session: Class initialized using 'CodeIgniter\Session\Handlers\FileHandler' driver.
INFO - 2023-07-06 12:09:26 --> Session: Class initialized using 'CodeIgniter\Session\Handlers\FileHandler' driver.
CRITICAL - 2023-07-06 12:09:26 --> Trying to access array offset on value of type null
in APPPATH\Views\film\edit.php on line 21.
 1 APPPATH\Views\film\edit.php(21): CodeIgniter\Debug\Exceptions->errorHandler(2, 'Trying to access array offset on value of type null', 'C:\\thumberly\\web-framework\\app\\Views\\film\\edit.php', 21)
 2 SYSTEMPATH\View\View.php(213): include('C:\\thumberly\\web-framework\\app\\Views\\film\\edit.php')
 3 SYSTEMPATH\View\View.php(216): CodeIgniter\View\View->CodeIgniter\View\{closure}()
 4 SYSTEMPATH\Common.php(1184): CodeIgniter\View\View->render('film/edit', [], true)
 5 APPPATH\Controllers\Film.php(98): view('film/edit', [...])
 6 SYSTEMPATH\CodeIgniter.php(934): App\Controllers\Film->update('VkSIZLc2KSNy', 'NBKMpItQ3B3cGJ1eE1aUVR3TEIwejYxSlVzbkE9PQ==')
 7 SYSTEMPATH\CodeIgniter.php(499): CodeIgniter\CodeIgniter->runController(Object(App\Controllers\Film))
 8 SYSTEMPATH\CodeIgniter.php(368): CodeIgniter\CodeIgniter->handleRequest(null, Object(Config\Cache), false)
 9 FCPATH\index.php(67): CodeIgniter\CodeIgniter->run()
10 SYSTEMPATH\Commands\Server\rewrite.php(47): require_once('C:\\thumberly\\web-framework\\public\\index.php')
INFO - 2023-07-06 12:09:29 --> Session: Class initialized using 'CodeIgniter\Session\Handlers\FileHandler' driver.
INFO - 2023-07-06 12:11:45 --> Session: Class initialized using 'CodeIgniter\Session\Handlers\FileHandler' driver.
CRITICAL - 2023-07-06 12:11:45 --> Undefined variable $decryptedid
in APPPATH\Controllers\Film.php on line 97.
 1 APPPATH\Controllers\Film.php(97): CodeIgniter\Debug\Exceptions->errorHandler(2, 'Undefined variable $decryptedid', 'C:\\thumberly\\web-framework\\app\\Controllers\\Film.php', 97)
 2 SYSTEMPATH\CodeIgniter.php(934): App\Controllers\Film->update('mP+GZxnX4bbTQGoiqXL2VUQxUE1FUVNucWh3WCt6SHVLcGVNQ3c9PQ==')
 3 SYSTEMPATH\CodeIgniter.php(499): CodeIgniter\CodeIgniter->runController(Object(App\Controllers\Film))
 4 SYSTEMPATH\CodeIgniter.php(368): CodeIgniter\CodeIgniter->handleRequest(null, Object(Config\Cache), false)
 5 FCPATH\index.php(67): CodeIgniter\CodeIgniter->run()
 6 SYSTEMPATH\Commands\Server\rewrite.php(47): require_once('C:\\thumberly\\web-framework\\public\\index.php')
INFO - 2023-07-06 12:11:58 --> Session: Class initialized using 'CodeIgniter\Session\Handlers\FileHandler' driver.
CRITICAL - 2023-07-06 12:11:58 --> Undefined array key "id"
in APPPATH\Views\film\edit.php on line 21.
 1 APPPATH\Views\film\edit.php(21): CodeIgniter\Debug\Exceptions->errorHandler(2, 'Undefined array key "id"', 'C:\\thumberly\\web-framework\\app\\Views\\film\\edit.php', 21)
 2 SYSTEMPATH\View\View.php(213): include('C:\\thumberly\\web-framework\\app\\Views\\film\\edit.php')
 3 SYSTEMPATH\View\View.php(216): CodeIgniter\View\View->CodeIgniter\View\{closure}()
 4 SYSTEMPATH\Common.php(1184): CodeIgniter\View\View->render('film/edit', [], true)
 5 APPPATH\Controllers\Film.php(98): view('film/edit', [...])
 6 SYSTEMPATH\CodeIgniter.php(934): App\Controllers\Film->update('mP+GZxnX4bbTQGoiqXL2VUQxUE1FUVNucWh3WCt6SHVLcGVNQ3c9PQ==')
 7 SYSTEMPATH\CodeIgniter.php(499): CodeIgniter\CodeIgniter->runController(Object(App\Controllers\Film))
 8 SYSTEMPATH\CodeIgniter.php(368): CodeIgniter\CodeIgniter->handleRequest(null, Object(Config\Cache), false)
 9 FCPATH\index.php(67): CodeIgniter\CodeIgniter->run()
10 SYSTEMPATH\Commands\Server\rewrite.php(47): require_once('C:\\thumberly\\web-framework\\public\\index.php')
INFO - 2023-07-06 12:19:30 --> Session: Class initialized using 'CodeIgniter\Session\Handlers\FileHandler' driver.
CRITICAL - 2023-07-06 12:19:30 --> Trying to access array offset on value of type null
in APPPATH\Views\film\edit.php on line 21.
 1 APPPATH\Views\film\edit.php(21): CodeIgniter\Debug\Exceptions->errorHandler(2, 'Trying to access array offset on value of type null', 'C:\\thumberly\\web-framework\\app\\Views\\film\\edit.php', 21)
 2 SYSTEMPATH\View\View.php(213): include('C:\\thumberly\\web-framework\\app\\Views\\film\\edit.php')
 3 SYSTEMPATH\View\View.php(216): CodeIgniter\View\View->CodeIgniter\View\{closure}()
 4 SYSTEMPATH\Common.php(1184): CodeIgniter\View\View->render('film/edit', [], true)
 5 APPPATH\Controllers\Film.php(98): view('film/edit', [...])
 6 SYSTEMPATH\CodeIgniter.php(934): App\Controllers\Film->update('mP+GZxnX4bbTQGoiqXL2VUQxUE1FUVNucWh3WCt6SHVLcGVNQ3c9PQ==')
 7 SYSTEMPATH\CodeIgniter.php(499): CodeIgniter\CodeIgniter->runController(Object(App\Controllers\Film))
 8 SYSTEMPATH\CodeIgniter.php(368): CodeIgniter\CodeIgniter->handleRequest(null, Object(Config\Cache), false)
 9 FCPATH\index.php(67): CodeIgniter\CodeIgniter->run()
10 SYSTEMPATH\Commands\Server\rewrite.php(47): require_once('C:\\thumberly\\web-framework\\public\\index.php')
