CRITICAL - 2023-06-21 00:38:50 --> syntax error, unexpected token "}", expecting ";"
in APPPATH\Controllers\Film.php on line 35.
 1 SYSTEMPATH\Router\Router.php(507): CodeIgniter\Router\AutoRouter->getRoute('film/add')
 2 SYSTEMPATH\Router\Router.php(206): CodeIgniter\Router\Router->autoRoute('film/add')
 3 SYSTEMPATH\CodeIgniter.php(815): CodeIgniter\Router\Router->handle('film/add')
 4 SYSTEMPATH\CodeIgniter.php(449): CodeIgniter\CodeIgniter->tryToRouteIt(Object(CodeIgniter\Router\RouteCollection))
 5 SYSTEMPATH\CodeIgniter.php(368): CodeIgniter\CodeIgniter->handleRequest(null, Object(Config\Cache), false)
 6 FCPATH\index.php(67): CodeIgniter\CodeIgniter->run()
 7 SYSTEMPATH\Commands\Server\rewrite.php(47): require_once('C:\\thumberly\\web-framework\\public\\index.php')
CRITICAL - 2023-06-21 00:39:34 --> Invalid file: "film/add.php"
in SYSTEMPATH\Exceptions\FrameworkException.php on line 33.
 1 SYSTEMPATH\View\View.php(201): CodeIgniter\Exceptions\FrameworkException::forInvalidFile('film/add.php')
 2 SYSTEMPATH\Common.php(1184): CodeIgniter\View\View->render('film/add', [], true)
 3 APPPATH\Controllers\Film.php(34): view('film/add')
 4 SYSTEMPATH\CodeIgniter.php(934): App\Controllers\Film->add()
 5 SYSTEMPATH\CodeIgniter.php(499): CodeIgniter\CodeIgniter->runController(Object(App\Controllers\Film))
 6 SYSTEMPATH\CodeIgniter.php(368): CodeIgniter\CodeIgniter->handleRequest(null, Object(Config\Cache), false)
 7 FCPATH\index.php(67): CodeIgniter\CodeIgniter->run()
 8 SYSTEMPATH\Commands\Server\rewrite.php(47): require_once('C:\\thumberly\\web-framework\\public\\index.php')
CRITICAL - 2023-06-21 01:09:57 --> Invalid file: "film/ad.php"
in SYSTEMPATH\Exceptions\FrameworkException.php on line 33.
 1 SYSTEMPATH\View\View.php(201): CodeIgniter\Exceptions\FrameworkException::forInvalidFile('film/ad.php')
 2 SYSTEMPATH\Common.php(1184): CodeIgniter\View\View->render('film/ad', [], true)
 3 APPPATH\Controllers\Film.php(34): view('film/ad')
 4 SYSTEMPATH\CodeIgniter.php(934): App\Controllers\Film->add()
 5 SYSTEMPATH\CodeIgniter.php(499): CodeIgniter\CodeIgniter->runController(Object(App\Controllers\Film))
 6 SYSTEMPATH\CodeIgniter.php(368): CodeIgniter\CodeIgniter->handleRequest(null, Object(Config\Cache), false)
 7 FCPATH\index.php(67): CodeIgniter\CodeIgniter->run()
 8 SYSTEMPATH\Commands\Server\rewrite.php(47): require_once('C:\\thumberly\\web-framework\\public\\index.php')
CRITICAL - 2023-06-21 02:11:42 --> Class "App\Controllers\GenreModel" not found
in APPPATH\Controllers\Film.php on line 21.
 1 SYSTEMPATH\CodeIgniter.php(906): App\Controllers\Film->__construct()
 2 SYSTEMPATH\CodeIgniter.php(490): CodeIgniter\CodeIgniter->createController()
 3 SYSTEMPATH\CodeIgniter.php(368): CodeIgniter\CodeIgniter->handleRequest(null, Object(Config\Cache), false)
 4 FCPATH\index.php(67): CodeIgniter\CodeIgniter->run()
 5 SYSTEMPATH\Commands\Server\rewrite.php(47): require_once('C:\\thumberly\\web-framework\\public\\index.php')
CRITICAL - 2023-06-21 02:12:37 --> Undefined variable $genres
in APPPATH\Views\film\add.php on line 29.
 1 APPPATH\Views\film\add.php(29): CodeIgniter\Debug\Exceptions->errorHandler(2, 'Undefined variable $genres', 'C:\\thumberly\\web-framework\\app\\Views\\film\\add.php', 29)
 2 SYSTEMPATH\View\View.php(213): include('C:\\thumberly\\web-framework\\app\\Views\\film\\add.php')
 3 SYSTEMPATH\View\View.php(216): CodeIgniter\View\View->CodeIgniter\View\{closure}()
 4 SYSTEMPATH\Common.php(1184): CodeIgniter\View\View->render('film/add', [], true)
 5 APPPATH\Controllers\Film.php(39): view('film/add', [...])
 6 SYSTEMPATH\CodeIgniter.php(934): App\Controllers\Film->add()
 7 SYSTEMPATH\CodeIgniter.php(499): CodeIgniter\CodeIgniter->runController(Object(App\Controllers\Film))
 8 SYSTEMPATH\CodeIgniter.php(368): CodeIgniter\CodeIgniter->handleRequest(null, Object(Config\Cache), false)
 9 FCPATH\index.php(67): CodeIgniter\CodeIgniter->run()
10 SYSTEMPATH\Commands\Server\rewrite.php(47): require_once('C:\\thumberly\\web-framework\\public\\index.php')
CRITICAL - 2023-06-21 02:17:29 --> Undefined variable $semuagenre
in APPPATH\Views\genre\index.php on line 47.
 1 APPPATH\Views\genre\index.php(47): CodeIgniter\Debug\Exceptions->errorHandler(2, 'Undefined variable $semuagenre', 'C:\\thumberly\\web-framework\\app\\Views\\genre\\index.php', 47)
 2 SYSTEMPATH\View\View.php(213): include('C:\\thumberly\\web-framework\\app\\Views\\genre\\index.php')
 3 SYSTEMPATH\View\View.php(216): CodeIgniter\View\View->CodeIgniter\View\{closure}()
 4 SYSTEMPATH\Common.php(1184): CodeIgniter\View\View->render('genre/index', [], true)
 5 APPPATH\Controllers\Genre.php(24): view('genre/index', [...])
 6 SYSTEMPATH\CodeIgniter.php(934): App\Controllers\Genre->index()
 7 SYSTEMPATH\CodeIgniter.php(499): CodeIgniter\CodeIgniter->runController(Object(App\Controllers\Genre))
 8 SYSTEMPATH\CodeIgniter.php(368): CodeIgniter\CodeIgniter->handleRequest(null, Object(Config\Cache), false)
 9 FCPATH\index.php(67): CodeIgniter\CodeIgniter->run()
10 SYSTEMPATH\Commands\Server\rewrite.php(47): require_once('C:\\thumberly\\web-framework\\public\\index.php')
CRITICAL - 2023-06-21 02:20:36 --> Undefined variable $semuagenre
in APPPATH\Views\genre\index.php on line 47.
 1 APPPATH\Views\genre\index.php(47): CodeIgniter\Debug\Exceptions->errorHandler(2, 'Undefined variable $semuagenre', 'C:\\thumberly\\web-framework\\app\\Views\\genre\\index.php', 47)
 2 SYSTEMPATH\View\View.php(213): include('C:\\thumberly\\web-framework\\app\\Views\\genre\\index.php')
 3 SYSTEMPATH\View\View.php(216): CodeIgniter\View\View->CodeIgniter\View\{closure}()
 4 SYSTEMPATH\Common.php(1184): CodeIgniter\View\View->render('genre/index', [], true)
 5 APPPATH\Controllers\Genre.php(24): view('genre/index', [...])
 6 SYSTEMPATH\CodeIgniter.php(934): App\Controllers\Genre->index()
 7 SYSTEMPATH\CodeIgniter.php(499): CodeIgniter\CodeIgniter->runController(Object(App\Controllers\Genre))
 8 SYSTEMPATH\CodeIgniter.php(368): CodeIgniter\CodeIgniter->handleRequest(null, Object(Config\Cache), false)
 9 FCPATH\index.php(67): CodeIgniter\CodeIgniter->run()
10 SYSTEMPATH\Commands\Server\rewrite.php(47): require_once('C:\\thumberly\\web-framework\\public\\index.php')
INFO - 2023-06-21 02:33:13 --> Session: Class initialized using 'CodeIgniter\Session\Handlers\FileHandler' driver.
CRITICAL - 2023-06-21 02:35:06 --> Undefined property: App\Controllers\Film::$this
in APPPATH\Controllers\Film.php on line 42.
 1 APPPATH\Controllers\Film.php(42): CodeIgniter\Debug\Exceptions->errorHandler(2, 'Undefined property: App\\Controllers\\Film::$this', 'C:\\thumberly\\web-framework\\app\\Controllers\\Film.php', 42)
 2 SYSTEMPATH\CodeIgniter.php(934): App\Controllers\Film->store()
 3 SYSTEMPATH\CodeIgniter.php(499): CodeIgniter\CodeIgniter->runController(Object(App\Controllers\Film))
 4 SYSTEMPATH\CodeIgniter.php(368): CodeIgniter\CodeIgniter->handleRequest(null, Object(Config\Cache), false)
 5 FCPATH\index.php(67): CodeIgniter\CodeIgniter->run()
 6 SYSTEMPATH\Commands\Server\rewrite.php(47): require_once('C:\\thumberly\\web-framework\\public\\index.php')
INFO - 2023-06-21 02:36:25 --> Session: Class initialized using 'CodeIgniter\Session\Handlers\FileHandler' driver.
CRITICAL - 2023-06-21 02:36:39 --> Undefined property: App\Controllers\Film::$equest
in APPPATH\Controllers\Film.php on line 42.
 1 APPPATH\Controllers\Film.php(42): CodeIgniter\Debug\Exceptions->errorHandler(2, 'Undefined property: App\\Controllers\\Film::$equest', 'C:\\thumberly\\web-framework\\app\\Controllers\\Film.php', 42)
 2 SYSTEMPATH\CodeIgniter.php(934): App\Controllers\Film->store()
 3 SYSTEMPATH\CodeIgniter.php(499): CodeIgniter\CodeIgniter->runController(Object(App\Controllers\Film))
 4 SYSTEMPATH\CodeIgniter.php(368): CodeIgniter\CodeIgniter->handleRequest(null, Object(Config\Cache), false)
 5 FCPATH\index.php(67): CodeIgniter\CodeIgniter->run()
 6 SYSTEMPATH\Commands\Server\rewrite.php(47): require_once('C:\\thumberly\\web-framework\\public\\index.php')
INFO - 2023-06-21 02:45:32 --> Session: Class initialized using 'CodeIgniter\Session\Handlers\FileHandler' driver.
INFO - 2023-06-21 02:57:35 --> Session: Class initialized using 'CodeIgniter\Session\Handlers\FileHandler' driver.
CRITICAL - 2023-06-21 02:57:44 --> Undefined variable $semuagenre
in APPPATH\Views\genre\index.php on line 47.
 1 APPPATH\Views\genre\index.php(47): CodeIgniter\Debug\Exceptions->errorHandler(2, 'Undefined variable $semuagenre', 'C:\\thumberly\\web-framework\\app\\Views\\genre\\index.php', 47)
 2 SYSTEMPATH\View\View.php(213): include('C:\\thumberly\\web-framework\\app\\Views\\genre\\index.php')
 3 SYSTEMPATH\View\View.php(216): CodeIgniter\View\View->CodeIgniter\View\{closure}()
 4 SYSTEMPATH\Common.php(1184): CodeIgniter\View\View->render('genre/index', [], true)
 5 APPPATH\Controllers\Genre.php(24): view('genre/index', [...])
 6 SYSTEMPATH\CodeIgniter.php(934): App\Controllers\Genre->index()
 7 SYSTEMPATH\CodeIgniter.php(499): CodeIgniter\CodeIgniter->runController(Object(App\Controllers\Genre))
 8 SYSTEMPATH\CodeIgniter.php(368): CodeIgniter\CodeIgniter->handleRequest(null, Object(Config\Cache), false)
 9 FCPATH\index.php(67): CodeIgniter\CodeIgniter->run()
10 SYSTEMPATH\Commands\Server\rewrite.php(47): require_once('C:\\thumberly\\web-framework\\public\\index.php')
CRITICAL - 2023-06-21 02:58:43 --> Undefined variable $semuagenre
in APPPATH\Views\genre\index.php on line 47.
 1 APPPATH\Views\genre\index.php(47): CodeIgniter\Debug\Exceptions->errorHandler(2, 'Undefined variable $semuagenre', 'C:\\thumberly\\web-framework\\app\\Views\\genre\\index.php', 47)
 2 SYSTEMPATH\View\View.php(213): include('C:\\thumberly\\web-framework\\app\\Views\\genre\\index.php')
 3 SYSTEMPATH\View\View.php(216): CodeIgniter\View\View->CodeIgniter\View\{closure}()
 4 SYSTEMPATH\Common.php(1184): CodeIgniter\View\View->render('genre/index', [], true)
 5 APPPATH\Controllers\Genre.php(24): view('genre/index', [...])
 6 SYSTEMPATH\CodeIgniter.php(934): App\Controllers\Genre->index()
 7 SYSTEMPATH\CodeIgniter.php(499): CodeIgniter\CodeIgniter->runController(Object(App\Controllers\Genre))
 8 SYSTEMPATH\CodeIgniter.php(368): CodeIgniter\CodeIgniter->handleRequest(null, Object(Config\Cache), false)
 9 FCPATH\index.php(67): CodeIgniter\CodeIgniter->run()
10 SYSTEMPATH\Commands\Server\rewrite.php(47): require_once('C:\\thumberly\\web-framework\\public\\index.php')
CRITICAL - 2023-06-21 02:59:05 --> Undefined variable $semuagenre
in APPPATH\Views\genre\index.php on line 47.
 1 APPPATH\Views\genre\index.php(47): CodeIgniter\Debug\Exceptions->errorHandler(2, 'Undefined variable $semuagenre', 'C:\\thumberly\\web-framework\\app\\Views\\genre\\index.php', 47)
 2 SYSTEMPATH\View\View.php(213): include('C:\\thumberly\\web-framework\\app\\Views\\genre\\index.php')
 3 SYSTEMPATH\View\View.php(216): CodeIgniter\View\View->CodeIgniter\View\{closure}()
 4 SYSTEMPATH\Common.php(1184): CodeIgniter\View\View->render('genre/index', [], true)
 5 APPPATH\Controllers\Genre.php(24): view('genre/index', [...])
 6 SYSTEMPATH\CodeIgniter.php(934): App\Controllers\Genre->index()
 7 SYSTEMPATH\CodeIgniter.php(499): CodeIgniter\CodeIgniter->runController(Object(App\Controllers\Genre))
 8 SYSTEMPATH\CodeIgniter.php(368): CodeIgniter\CodeIgniter->handleRequest(null, Object(Config\Cache), false)
 9 FCPATH\index.php(67): CodeIgniter\CodeIgniter->run()
10 SYSTEMPATH\Commands\Server\rewrite.php(47): require_once('C:\\thumberly\\web-framework\\public\\index.php')
CRITICAL - 2023-06-21 02:59:17 --> Undefined variable $semuagenre
in APPPATH\Views\genre\index.php on line 47.
 1 APPPATH\Views\genre\index.php(47): CodeIgniter\Debug\Exceptions->errorHandler(2, 'Undefined variable $semuagenre', 'C:\\thumberly\\web-framework\\app\\Views\\genre\\index.php', 47)
 2 SYSTEMPATH\View\View.php(213): include('C:\\thumberly\\web-framework\\app\\Views\\genre\\index.php')
 3 SYSTEMPATH\View\View.php(216): CodeIgniter\View\View->CodeIgniter\View\{closure}()
 4 SYSTEMPATH\Common.php(1184): CodeIgniter\View\View->render('genre/index', [], true)
 5 APPPATH\Controllers\Genre.php(24): view('genre/index', [...])
 6 SYSTEMPATH\CodeIgniter.php(934): App\Controllers\Genre->index()
 7 SYSTEMPATH\CodeIgniter.php(499): CodeIgniter\CodeIgniter->runController(Object(App\Controllers\Genre))
 8 SYSTEMPATH\CodeIgniter.php(368): CodeIgniter\CodeIgniter->handleRequest(null, Object(Config\Cache), false)
 9 FCPATH\index.php(67): CodeIgniter\CodeIgniter->run()
10 SYSTEMPATH\Commands\Server\rewrite.php(47): require_once('C:\\thumberly\\web-framework\\public\\index.php')
CRITICAL - 2023-06-21 02:59:24 --> Undefined variable $semuagenre
in APPPATH\Views\genre\index.php on line 47.
 1 APPPATH\Views\genre\index.php(47): CodeIgniter\Debug\Exceptions->errorHandler(2, 'Undefined variable $semuagenre', 'C:\\thumberly\\web-framework\\app\\Views\\genre\\index.php', 47)
 2 SYSTEMPATH\View\View.php(213): include('C:\\thumberly\\web-framework\\app\\Views\\genre\\index.php')
 3 SYSTEMPATH\View\View.php(216): CodeIgniter\View\View->CodeIgniter\View\{closure}()
 4 SYSTEMPATH\Common.php(1184): CodeIgniter\View\View->render('genre/index', [], true)
 5 APPPATH\Controllers\Genre.php(24): view('genre/index', [...])
 6 SYSTEMPATH\CodeIgniter.php(934): App\Controllers\Genre->index()
 7 SYSTEMPATH\CodeIgniter.php(499): CodeIgniter\CodeIgniter->runController(Object(App\Controllers\Genre))
 8 SYSTEMPATH\CodeIgniter.php(368): CodeIgniter\CodeIgniter->handleRequest(null, Object(Config\Cache), false)
 9 FCPATH\index.php(67): CodeIgniter\CodeIgniter->run()
10 SYSTEMPATH\Commands\Server\rewrite.php(47): require_once('C:\\thumberly\\web-framework\\public\\index.php')
CRITICAL - 2023-06-21 03:00:20 --> foreach() argument must be of type array|object, null given
in APPPATH\Views\genre\index.php on line 47.
 1 APPPATH\Views\genre\index.php(47): CodeIgniter\Debug\Exceptions->errorHandler(2, 'foreach() argument must be of type array|object, null given', 'C:\\thumberly\\web-framework\\app\\Views\\genre\\index.php', 47)
 2 SYSTEMPATH\View\View.php(213): include('C:\\thumberly\\web-framework\\app\\Views\\genre\\index.php')
 3 SYSTEMPATH\View\View.php(216): CodeIgniter\View\View->CodeIgniter\View\{closure}()
 4 SYSTEMPATH\Common.php(1184): CodeIgniter\View\View->render('genre/index', [], true)
 5 APPPATH\Controllers\Genre.php(24): view('genre/index', [...])
 6 SYSTEMPATH\CodeIgniter.php(934): App\Controllers\Genre->index()
 7 SYSTEMPATH\CodeIgniter.php(499): CodeIgniter\CodeIgniter->runController(Object(App\Controllers\Genre))
 8 SYSTEMPATH\CodeIgniter.php(368): CodeIgniter\CodeIgniter->handleRequest(null, Object(Config\Cache), false)
 9 FCPATH\index.php(67): CodeIgniter\CodeIgniter->run()
10 SYSTEMPATH\Commands\Server\rewrite.php(47): require_once('C:\\thumberly\\web-framework\\public\\index.php')
CRITICAL - 2023-06-21 03:04:14 --> foreach() argument must be of type array|object, null given
in APPPATH\Views\genre\index.php on line 47.
 1 APPPATH\Views\genre\index.php(47): CodeIgniter\Debug\Exceptions->errorHandler(2, 'foreach() argument must be of type array|object, null given', 'C:\\thumberly\\web-framework\\app\\Views\\genre\\index.php', 47)
 2 SYSTEMPATH\View\View.php(213): include('C:\\thumberly\\web-framework\\app\\Views\\genre\\index.php')
 3 SYSTEMPATH\View\View.php(216): CodeIgniter\View\View->CodeIgniter\View\{closure}()
 4 SYSTEMPATH\Common.php(1184): CodeIgniter\View\View->render('genre/index', [], true)
 5 APPPATH\Controllers\Genre.php(24): view('genre/index', [...])
 6 SYSTEMPATH\CodeIgniter.php(934): App\Controllers\Genre->index()
 7 SYSTEMPATH\CodeIgniter.php(499): CodeIgniter\CodeIgniter->runController(Object(App\Controllers\Genre))
 8 SYSTEMPATH\CodeIgniter.php(368): CodeIgniter\CodeIgniter->handleRequest(null, Object(Config\Cache), false)
 9 FCPATH\index.php(67): CodeIgniter\CodeIgniter->run()
10 SYSTEMPATH\Commands\Server\rewrite.php(47): require_once('C:\\thumberly\\web-framework\\public\\index.php')
CRITICAL - 2023-06-21 03:04:25 --> Undefined variable $semuagenre
in APPPATH\Views\genre\index.php on line 47.
 1 APPPATH\Views\genre\index.php(47): CodeIgniter\Debug\Exceptions->errorHandler(2, 'Undefined variable $semuagenre', 'C:\\thumberly\\web-framework\\app\\Views\\genre\\index.php', 47)
 2 SYSTEMPATH\View\View.php(213): include('C:\\thumberly\\web-framework\\app\\Views\\genre\\index.php')
 3 SYSTEMPATH\View\View.php(216): CodeIgniter\View\View->CodeIgniter\View\{closure}()
 4 SYSTEMPATH\Common.php(1184): CodeIgniter\View\View->render('genre/index', [], true)
 5 APPPATH\Controllers\Genre.php(24): view('genre/index', [...])
 6 SYSTEMPATH\CodeIgniter.php(934): App\Controllers\Genre->index()
 7 SYSTEMPATH\CodeIgniter.php(499): CodeIgniter\CodeIgniter->runController(Object(App\Controllers\Genre))
 8 SYSTEMPATH\CodeIgniter.php(368): CodeIgniter\CodeIgniter->handleRequest(null, Object(Config\Cache), false)
 9 FCPATH\index.php(67): CodeIgniter\CodeIgniter->run()
10 SYSTEMPATH\Commands\Server\rewrite.php(47): require_once('C:\\thumberly\\web-framework\\public\\index.php')
CRITICAL - 2023-06-21 03:04:41 --> foreach() argument must be of type array|object, null given
in APPPATH\Views\genre\index.php on line 47.
 1 APPPATH\Views\genre\index.php(47): CodeIgniter\Debug\Exceptions->errorHandler(2, 'foreach() argument must be of type array|object, null given', 'C:\\thumberly\\web-framework\\app\\Views\\genre\\index.php', 47)
 2 SYSTEMPATH\View\View.php(213): include('C:\\thumberly\\web-framework\\app\\Views\\genre\\index.php')
 3 SYSTEMPATH\View\View.php(216): CodeIgniter\View\View->CodeIgniter\View\{closure}()
 4 SYSTEMPATH\Common.php(1184): CodeIgniter\View\View->render('genre/index', [], true)
 5 APPPATH\Controllers\Genre.php(24): view('genre/index', [...])
 6 SYSTEMPATH\CodeIgniter.php(934): App\Controllers\Genre->index()
 7 SYSTEMPATH\CodeIgniter.php(499): CodeIgniter\CodeIgniter->runController(Object(App\Controllers\Genre))
 8 SYSTEMPATH\CodeIgniter.php(368): CodeIgniter\CodeIgniter->handleRequest(null, Object(Config\Cache), false)
 9 FCPATH\index.php(67): CodeIgniter\CodeIgniter->run()
10 SYSTEMPATH\Commands\Server\rewrite.php(47): require_once('C:\\thumberly\\web-framework\\public\\index.php')
INFO - 2023-06-21 03:05:44 --> Session: Class initialized using 'CodeIgniter\Session\Handlers\FileHandler' driver.
CRITICAL - 2023-06-21 03:07:22 --> Call to undefined method App\Models\GenreModel::getgenre
in SYSTEMPATH\Model.php on line 842.
 1 APPPATH\Controllers\Genre.php(23): CodeIgniter\Model->__call('getgenre', [])
 2 SYSTEMPATH\CodeIgniter.php(934): App\Controllers\Genre->index()
 3 SYSTEMPATH\CodeIgniter.php(499): CodeIgniter\CodeIgniter->runController(Object(App\Controllers\Genre))
 4 SYSTEMPATH\CodeIgniter.php(368): CodeIgniter\CodeIgniter->handleRequest(null, Object(Config\Cache), false)
 5 FCPATH\index.php(67): CodeIgniter\CodeIgniter->run()
 6 SYSTEMPATH\Commands\Server\rewrite.php(47): require_once('C:\\thumberly\\web-framework\\public\\index.php')
CRITICAL - 2023-06-21 03:10:34 --> Call to undefined method App\Models\GenreModel::getGenre
in SYSTEMPATH\Model.php on line 842.
 1 APPPATH\Controllers\Genre.php(22): CodeIgniter\Model->__call('getGenre', [])
 2 SYSTEMPATH\CodeIgniter.php(934): App\Controllers\Genre->index()
 3 SYSTEMPATH\CodeIgniter.php(499): CodeIgniter\CodeIgniter->runController(Object(App\Controllers\Genre))
 4 SYSTEMPATH\CodeIgniter.php(368): CodeIgniter\CodeIgniter->handleRequest(null, Object(Config\Cache), false)
 5 FCPATH\index.php(67): CodeIgniter\CodeIgniter->run()
 6 SYSTEMPATH\Commands\Server\rewrite.php(47): require_once('C:\\thumberly\\web-framework\\public\\index.php')
CRITICAL - 2023-06-21 03:11:12 --> Call to undefined method App\Models\GenreModel::getGenre
in SYSTEMPATH\Model.php on line 842.
 1 APPPATH\Controllers\Genre.php(22): CodeIgniter\Model->__call('getGenre', [])
 2 SYSTEMPATH\CodeIgniter.php(934): App\Controllers\Genre->index()
 3 SYSTEMPATH\CodeIgniter.php(499): CodeIgniter\CodeIgniter->runController(Object(App\Controllers\Genre))
 4 SYSTEMPATH\CodeIgniter.php(368): CodeIgniter\CodeIgniter->handleRequest(null, Object(Config\Cache), false)
 5 FCPATH\index.php(67): CodeIgniter\CodeIgniter->run()
 6 SYSTEMPATH\Commands\Server\rewrite.php(47): require_once('C:\\thumberly\\web-framework\\public\\index.php')
CRITICAL - 2023-06-21 03:12:20 --> Undefined variable $data_film
in APPPATH\Views\film\index.php on line 57.
 1 APPPATH\Views\film\index.php(57): CodeIgniter\Debug\Exceptions->errorHandler(2, 'Undefined variable $data_film', 'C:\\thumberly\\web-framework\\app\\Views\\film\\index.php', 57)
 2 SYSTEMPATH\View\View.php(213): include('C:\\thumberly\\web-framework\\app\\Views\\film\\index.php')
 3 SYSTEMPATH\View\View.php(216): CodeIgniter\View\View->CodeIgniter\View\{closure}()
 4 SYSTEMPATH\Common.php(1184): CodeIgniter\View\View->render('film/index', [], true)
 5 APPPATH\Controllers\Genre.php(23): view('film/index', [...])
 6 SYSTEMPATH\CodeIgniter.php(934): App\Controllers\Genre->index()
 7 SYSTEMPATH\CodeIgniter.php(499): CodeIgniter\CodeIgniter->runController(Object(App\Controllers\Genre))
 8 SYSTEMPATH\CodeIgniter.php(368): CodeIgniter\CodeIgniter->handleRequest(null, Object(Config\Cache), false)
 9 FCPATH\index.php(67): CodeIgniter\CodeIgniter->run()
10 SYSTEMPATH\Commands\Server\rewrite.php(47): require_once('C:\\thumberly\\web-framework\\public\\index.php')
CRITICAL - 2023-06-21 03:14:51 --> Undefined variable $data_film
in APPPATH\Views\film\index.php on line 57.
 1 APPPATH\Views\film\index.php(57): CodeIgniter\Debug\Exceptions->errorHandler(2, 'Undefined variable $data_film', 'C:\\thumberly\\web-framework\\app\\Views\\film\\index.php', 57)
 2 SYSTEMPATH\View\View.php(213): include('C:\\thumberly\\web-framework\\app\\Views\\film\\index.php')
 3 SYSTEMPATH\View\View.php(216): CodeIgniter\View\View->CodeIgniter\View\{closure}()
 4 SYSTEMPATH\Common.php(1184): CodeIgniter\View\View->render('film/index', [], true)
 5 APPPATH\Controllers\Genre.php(23): view('film/index', [...])
 6 SYSTEMPATH\CodeIgniter.php(934): App\Controllers\Genre->index()
 7 SYSTEMPATH\CodeIgniter.php(499): CodeIgniter\CodeIgniter->runController(Object(App\Controllers\Genre))
 8 SYSTEMPATH\CodeIgniter.php(368): CodeIgniter\CodeIgniter->handleRequest(null, Object(Config\Cache), false)
 9 FCPATH\index.php(67): CodeIgniter\CodeIgniter->run()
10 SYSTEMPATH\Commands\Server\rewrite.php(47): require_once('C:\\thumberly\\web-framework\\public\\index.php')
CRITICAL - 2023-06-21 03:16:52 --> Undefined variable $semuafilm
in APPPATH\Views\film\index.php on line 57.
 1 APPPATH\Views\film\index.php(57): CodeIgniter\Debug\Exceptions->errorHandler(2, 'Undefined variable $semuafilm', 'C:\\thumberly\\web-framework\\app\\Views\\film\\index.php', 57)
 2 SYSTEMPATH\View\View.php(213): include('C:\\thumberly\\web-framework\\app\\Views\\film\\index.php')
 3 SYSTEMPATH\View\View.php(216): CodeIgniter\View\View->CodeIgniter\View\{closure}()
 4 SYSTEMPATH\Common.php(1184): CodeIgniter\View\View->render('film/index', [], true)
 5 APPPATH\Controllers\Genre.php(23): view('film/index', [...])
 6 SYSTEMPATH\CodeIgniter.php(934): App\Controllers\Genre->index()
 7 SYSTEMPATH\CodeIgniter.php(499): CodeIgniter\CodeIgniter->runController(Object(App\Controllers\Genre))
 8 SYSTEMPATH\CodeIgniter.php(368): CodeIgniter\CodeIgniter->handleRequest(null, Object(Config\Cache), false)
 9 FCPATH\index.php(67): CodeIgniter\CodeIgniter->run()
10 SYSTEMPATH\Commands\Server\rewrite.php(47): require_once('C:\\thumberly\\web-framework\\public\\index.php')
CRITICAL - 2023-06-21 03:17:19 --> Undefined variable $semuafilm
in APPPATH\Views\film\index.php on line 57.
 1 APPPATH\Views\film\index.php(57): CodeIgniter\Debug\Exceptions->errorHandler(2, 'Undefined variable $semuafilm', 'C:\\thumberly\\web-framework\\app\\Views\\film\\index.php', 57)
 2 SYSTEMPATH\View\View.php(213): include('C:\\thumberly\\web-framework\\app\\Views\\film\\index.php')
 3 SYSTEMPATH\View\View.php(216): CodeIgniter\View\View->CodeIgniter\View\{closure}()
 4 SYSTEMPATH\Common.php(1184): CodeIgniter\View\View->render('film/index', [], true)
 5 APPPATH\Controllers\Genre.php(23): view('film/index', [...])
 6 SYSTEMPATH\CodeIgniter.php(934): App\Controllers\Genre->index()
 7 SYSTEMPATH\CodeIgniter.php(499): CodeIgniter\CodeIgniter->runController(Object(App\Controllers\Genre))
 8 SYSTEMPATH\CodeIgniter.php(368): CodeIgniter\CodeIgniter->handleRequest(null, Object(Config\Cache), false)
 9 FCPATH\index.php(67): CodeIgniter\CodeIgniter->run()
10 SYSTEMPATH\Commands\Server\rewrite.php(47): require_once('C:\\thumberly\\web-framework\\public\\index.php')
INFO - 2023-06-21 03:22:48 --> Session: Class initialized using 'CodeIgniter\Session\Handlers\FileHandler' driver.
CRITICAL - 2023-06-21 03:22:56 --> Undefined variable $semuafilm
in APPPATH\Views\film\index.php on line 57.
 1 APPPATH\Views\film\index.php(57): CodeIgniter\Debug\Exceptions->errorHandler(2, 'Undefined variable $semuafilm', 'C:\\thumberly\\web-framework\\app\\Views\\film\\index.php', 57)
 2 SYSTEMPATH\View\View.php(213): include('C:\\thumberly\\web-framework\\app\\Views\\film\\index.php')
 3 SYSTEMPATH\View\View.php(216): CodeIgniter\View\View->CodeIgniter\View\{closure}()
 4 SYSTEMPATH\Common.php(1184): CodeIgniter\View\View->render('film/index', [], true)
 5 APPPATH\Controllers\Genre.php(23): view('film/index', [...])
 6 SYSTEMPATH\CodeIgniter.php(934): App\Controllers\Genre->index()
 7 SYSTEMPATH\CodeIgniter.php(499): CodeIgniter\CodeIgniter->runController(Object(App\Controllers\Genre))
 8 SYSTEMPATH\CodeIgniter.php(368): CodeIgniter\CodeIgniter->handleRequest(null, Object(Config\Cache), false)
 9 FCPATH\index.php(67): CodeIgniter\CodeIgniter->run()
10 SYSTEMPATH\Commands\Server\rewrite.php(47): require_once('C:\\thumberly\\web-framework\\public\\index.php')
CRITICAL - 2023-06-21 03:24:30 --> Undefined variable $data_film
in APPPATH\Views\film\index.php on line 57.
 1 APPPATH\Views\film\index.php(57): CodeIgniter\Debug\Exceptions->errorHandler(2, 'Undefined variable $data_film', 'C:\\thumberly\\web-framework\\app\\Views\\film\\index.php', 57)
 2 SYSTEMPATH\View\View.php(213): include('C:\\thumberly\\web-framework\\app\\Views\\film\\index.php')
 3 SYSTEMPATH\View\View.php(216): CodeIgniter\View\View->CodeIgniter\View\{closure}()
 4 SYSTEMPATH\Common.php(1184): CodeIgniter\View\View->render('film/index', [], true)
 5 APPPATH\Controllers\Genre.php(23): view('film/index', [...])
 6 SYSTEMPATH\CodeIgniter.php(934): App\Controllers\Genre->index()
 7 SYSTEMPATH\CodeIgniter.php(499): CodeIgniter\CodeIgniter->runController(Object(App\Controllers\Genre))
 8 SYSTEMPATH\CodeIgniter.php(368): CodeIgniter\CodeIgniter->handleRequest(null, Object(Config\Cache), false)
 9 FCPATH\index.php(67): CodeIgniter\CodeIgniter->run()
10 SYSTEMPATH\Commands\Server\rewrite.php(47): require_once('C:\\thumberly\\web-framework\\public\\index.php')
CRITICAL - 2023-06-21 03:30:00 --> Undefined variable $data_film
in APPPATH\Views\film\index.php on line 57.
 1 APPPATH\Views\film\index.php(57): CodeIgniter\Debug\Exceptions->errorHandler(2, 'Undefined variable $data_film', 'C:\\thumberly\\web-framework\\app\\Views\\film\\index.php', 57)
 2 SYSTEMPATH\View\View.php(213): include('C:\\thumberly\\web-framework\\app\\Views\\film\\index.php')
 3 SYSTEMPATH\View\View.php(216): CodeIgniter\View\View->CodeIgniter\View\{closure}()
 4 SYSTEMPATH\Common.php(1184): CodeIgniter\View\View->render('film/index', [], true)
 5 APPPATH\Controllers\Genre.php(23): view('film/index', [...])
 6 SYSTEMPATH\CodeIgniter.php(934): App\Controllers\Genre->index()
 7 SYSTEMPATH\CodeIgniter.php(499): CodeIgniter\CodeIgniter->runController(Object(App\Controllers\Genre))
 8 SYSTEMPATH\CodeIgniter.php(368): CodeIgniter\CodeIgniter->handleRequest(null, Object(Config\Cache), false)
 9 FCPATH\index.php(67): CodeIgniter\CodeIgniter->run()
10 SYSTEMPATH\Commands\Server\rewrite.php(47): require_once('C:\\thumberly\\web-framework\\public\\index.php')
CRITICAL - 2023-06-21 03:32:13 --> Undefined variable $data_film
in APPPATH\Views\film\index.php on line 57.
 1 APPPATH\Views\film\index.php(57): CodeIgniter\Debug\Exceptions->errorHandler(2, 'Undefined variable $data_film', 'C:\\thumberly\\web-framework\\app\\Views\\film\\index.php', 57)
 2 SYSTEMPATH\View\View.php(213): include('C:\\thumberly\\web-framework\\app\\Views\\film\\index.php')
 3 SYSTEMPATH\View\View.php(216): CodeIgniter\View\View->CodeIgniter\View\{closure}()
 4 SYSTEMPATH\Common.php(1184): CodeIgniter\View\View->render('film/index', [], true)
 5 APPPATH\Controllers\Genre.php(23): view('film/index', [...])
 6 SYSTEMPATH\CodeIgniter.php(934): App\Controllers\Genre->index()
 7 SYSTEMPATH\CodeIgniter.php(499): CodeIgniter\CodeIgniter->runController(Object(App\Controllers\Genre))
 8 SYSTEMPATH\CodeIgniter.php(368): CodeIgniter\CodeIgniter->handleRequest(null, Object(Config\Cache), false)
 9 FCPATH\index.php(67): CodeIgniter\CodeIgniter->run()
10 SYSTEMPATH\Commands\Server\rewrite.php(47): require_once('C:\\thumberly\\web-framework\\public\\index.php')
CRITICAL - 2023-06-21 03:33:04 --> Undefined variable $semuagenre
in APPPATH\Views\genre\index.php on line 16.
 1 APPPATH\Views\genre\index.php(16): CodeIgniter\Debug\Exceptions->errorHandler(2, 'Undefined variable $semuagenre', 'C:\\thumberly\\web-framework\\app\\Views\\genre\\index.php', 16)
 2 SYSTEMPATH\View\View.php(213): include('C:\\thumberly\\web-framework\\app\\Views\\genre\\index.php')
 3 SYSTEMPATH\View\View.php(216): CodeIgniter\View\View->CodeIgniter\View\{closure}()
 4 SYSTEMPATH\Common.php(1184): CodeIgniter\View\View->render('genre/index', [], true)
 5 APPPATH\Controllers\Genre.php(23): view('genre/index', [...])
 6 SYSTEMPATH\CodeIgniter.php(934): App\Controllers\Genre->index()
 7 SYSTEMPATH\CodeIgniter.php(499): CodeIgniter\CodeIgniter->runController(Object(App\Controllers\Genre))
 8 SYSTEMPATH\CodeIgniter.php(368): CodeIgniter\CodeIgniter->handleRequest(null, Object(Config\Cache), false)
 9 FCPATH\index.php(67): CodeIgniter\CodeIgniter->run()
10 SYSTEMPATH\Commands\Server\rewrite.php(47): require_once('C:\\thumberly\\web-framework\\public\\index.php')
INFO - 2023-06-21 03:37:44 --> Session: Class initialized using 'CodeIgniter\Session\Handlers\FileHandler' driver.
INFO - 2023-06-21 03:38:10 --> Session: Class initialized using 'CodeIgniter\Session\Handlers\FileHandler' driver.
INFO - 2023-06-21 03:57:21 --> Session: Class initialized using 'CodeIgniter\Session\Handlers\FileHandler' driver.
INFO - 2023-06-21 03:57:46 --> Session: Class initialized using 'CodeIgniter\Session\Handlers\FileHandler' driver.
INFO - 2023-06-21 04:07:03 --> Session: Class initialized using 'CodeIgniter\Session\Handlers\FileHandler' driver.
INFO - 2023-06-21 04:07:35 --> Session: Class initialized using 'CodeIgniter\Session\Handlers\FileHandler' driver.
INFO - 2023-06-21 04:08:46 --> Session: Class initialized using 'CodeIgniter\Session\Handlers\FileHandler' driver.
INFO - 2023-06-21 04:09:00 --> Session: Class initialized using 'CodeIgniter\Session\Handlers\FileHandler' driver.
INFO - 2023-06-21 04:10:31 --> Session: Class initialized using 'CodeIgniter\Session\Handlers\FileHandler' driver.
INFO - 2023-06-21 04:11:08 --> Session: Class initialized using 'CodeIgniter\Session\Handlers\FileHandler' driver.
INFO - 2023-06-21 04:11:14 --> Session: Class initialized using 'CodeIgniter\Session\Handlers\FileHandler' driver.
